2022-09-07 10:43:21 [127.0.0.1][-][4537ab0gefqebt9k27i8t034qj59pips][error][yii\base\ViewNotFoundException] yii\base\ViewNotFoundException: The view file does not exist: D:\OpenServer\domains\simple\frontend\web\views\site\about.php in D:\OpenServer\domains\simple\vendor\yiisoft\yii2\base\View.php:233
Stack trace:
#0 D:\OpenServer\domains\simple\vendor\yiisoft\yii2\base\View.php(156): yii\base\View->renderFile()
#1 D:\OpenServer\domains\simple\vendor\yiisoft\yii2\base\Controller.php(407): yii\base\View->render()
#2 D:\OpenServer\domains\simple\frontend\controllers\SiteController.php(146): yii\base\Controller->render()
#3 [internal function]: frontend\controllers\SiteController->actionAbout()
#4 D:\OpenServer\domains\simple\vendor\yiisoft\yii2\base\InlineAction.php(57): call_user_func_array()
#5 D:\OpenServer\domains\simple\vendor\yiisoft\yii2\base\Controller.php(178): yii\base\InlineAction->runWithParams()
#6 D:\OpenServer\domains\simple\vendor\yiisoft\yii2\base\Module.php(552): yii\base\Controller->runAction()
#7 D:\OpenServer\domains\simple\vendor\yiisoft\yii2\web\Application.php(103): yii\base\Module->runAction()
#8 D:\OpenServer\domains\simple\vendor\yiisoft\yii2\base\Application.php(384): yii\web\Application->handleRequest()
#9 D:\OpenServer\domains\simple\frontend\web\index.php(18): yii\base\Application->run()
#10 {main}
2022-09-07 10:43:21 [127.0.0.1][-][4537ab0gefqebt9k27i8t034qj59pips][info][application] $_GET = []

$_POST = []

$_FILES = []

$_COOKIE = [
    'advanced-frontend' => '4537ab0gefqebt9k27i8t034qj59pips'
    '_csrf-frontend' => '24023e23596cf18bc531453a88922f2684481e5ad088c504326c40d1f7d54550a:2:{i:0;s:14:\"_csrf-frontend\";i:1;s:32:\"4OzO_pQC5kL2b_kL-lz464tg9Qn8J5P9\";}'
    'advanced-backend' => '5gv7sl1gploe0iip7e8eocqgqb7ihk5i'
    '_csrf-backend' => '4ebaeb2d06d55703fd86a7417d9e7813633e6b38bb60cb0005f17443ad7bd133a:2:{i:0;s:13:\"_csrf-backend\";i:1;s:32:\"WxnsVN_GKXJGLXuSKP-LC3vCkWToR262\";}'
]

$_SESSION = [
    '__flash' => []
]

$_SERVER = [
    'REDIRECT_STATUS' => '200'
    'HTTP_HOST' => 'simple'
    'HTTP_CONNECTION' => 'keep-alive'
    'HTTP_CACHE_CONTROL' => 'max-age=0'
    'HTTP_UPGRADE_INSECURE_REQUESTS' => '1'
    'HTTP_USER_AGENT' => 'Mozilla/5.0 (Windows NT 10.0; Win64; x64) AppleWebKit/537.36 (KHTML, like Gecko) Chrome/104.0.0.0 Safari/537.36'
    'HTTP_ACCEPT' => 'text/html,application/xhtml+xml,application/xml;q=0.9,image/avif,image/webp,image/apng,*/*;q=0.8,application/signed-exchange;v=b3;q=0.9'
    'HTTP_ACCEPT_ENCODING' => 'gzip, deflate'
    'HTTP_ACCEPT_LANGUAGE' => 'ru-RU,ru;q=0.9,en-US;q=0.8,en;q=0.7,uz;q=0.6'
    'HTTP_COOKIE' => 'advanced-frontend=4537ab0gefqebt9k27i8t034qj59pips; _csrf-frontend=24023e23596cf18bc531453a88922f2684481e5ad088c504326c40d1f7d54550a%3A2%3A%7Bi%3A0%3Bs%3A14%3A%22_csrf-frontend%22%3Bi%3A1%3Bs%3A32%3A%224OzO_pQC5kL2b_kL-lz464tg9Qn8J5P9%22%3B%7D; advanced-backend=5gv7sl1gploe0iip7e8eocqgqb7ihk5i; _csrf-backend=4ebaeb2d06d55703fd86a7417d9e7813633e6b38bb60cb0005f17443ad7bd133a%3A2%3A%7Bi%3A0%3Bs%3A13%3A%22_csrf-backend%22%3Bi%3A1%3Bs%3A32%3A%22WxnsVN_GKXJGLXuSKP-LC3vCkWToR262%22%3B%7D'
    'PATH' => 'd:\\openserver\\modules\\php\\PHP_8.0\\ext;d:\\openserver\\modules\\php\\PHP_8.0\\pear;d:\\openserver\\modules\\php\\PHP_8.0\\pear\\bin;d:\\openserver\\modules\\php\\PHP_8.0;d:\\openserver\\modules\\wget\\bin;d:\\openserver\\modules\\database\\MySQL-8.0-Win10\\bin;d:\\openserver\\modules\\database\\PostgreSQL-13.3-Win10\\bin;d:\\openserver\\modules\\database\\PostgreSQL-13.3-Win10\\lib;d:\\openserver\\modules\\http\\Apache_2.4-PHP_8.0\\bin;d:\\openserver\\modules\\http\\Apache_2.4-PHP_8.0;C:\\Windows\\system32;C:\\Windows;C:\\Windows\\system32\\Wbem;C:\\Windows\\SysWOW64'
    'SystemRoot' => 'C:\\Windows'
    'COMSPEC' => 'C:\\Windows\\system32\\cmd.exe'
    'PATHEXT' => '.COM;.EXE;.BAT;.CMD;.VBS;.VBE;.JS;.JSE;.WSF;.WSH;.MSC'
    'WINDIR' => 'C:\\Windows'
    'SERVER_SIGNATURE' => ''
    'SERVER_SOFTWARE' => 'Apache'
    'SERVER_NAME' => 'simple'
    'SERVER_ADDR' => '127.0.0.1'
    'SERVER_PORT' => '80'
    'REMOTE_ADDR' => '127.0.0.1'
    'DOCUMENT_ROOT' => 'D:/OpenServer/domains/simple'
    'REQUEST_SCHEME' => 'http'
    'CONTEXT_PREFIX' => ''
    'CONTEXT_DOCUMENT_ROOT' => 'D:/OpenServer/domains/simple'
    'SERVER_ADMIN' => '[no address given]'
    'SCRIPT_FILENAME' => 'D:/OpenServer/domains/simple/frontend/web/index.php'
    'REMOTE_PORT' => '7861'
    'REDIRECT_URL' => '/frontend/web/site/about'
    'GATEWAY_INTERFACE' => 'CGI/1.1'
    'SERVER_PROTOCOL' => 'HTTP/1.1'
    'REQUEST_METHOD' => 'GET'
    'QUERY_STRING' => ''
    'REQUEST_URI' => '/frontend/web/site/about'
    'SCRIPT_NAME' => '/frontend/web/index.php'
    'PHP_SELF' => '/frontend/web/index.php'
    'REQUEST_TIME_FLOAT' => 1662536601.2038
    'REQUEST_TIME' => 1662536601
]
2022-09-07 10:43:27 [127.0.0.1][-][4537ab0gefqebt9k27i8t034qj59pips][error][yii\base\ViewNotFoundException] yii\base\ViewNotFoundException: The view file does not exist: D:\OpenServer\domains\simple\frontend\web\views\site\index.php in D:\OpenServer\domains\simple\vendor\yiisoft\yii2\base\View.php:233
Stack trace:
#0 D:\OpenServer\domains\simple\vendor\yiisoft\yii2\base\View.php(156): yii\base\View->renderFile()
#1 D:\OpenServer\domains\simple\vendor\yiisoft\yii2\base\Controller.php(407): yii\base\View->render()
#2 D:\OpenServer\domains\simple\frontend\controllers\SiteController.php(78): yii\base\Controller->render()
#3 [internal function]: frontend\controllers\SiteController->actionIndex()
#4 D:\OpenServer\domains\simple\vendor\yiisoft\yii2\base\InlineAction.php(57): call_user_func_array()
#5 D:\OpenServer\domains\simple\vendor\yiisoft\yii2\base\Controller.php(178): yii\base\InlineAction->runWithParams()
#6 D:\OpenServer\domains\simple\vendor\yiisoft\yii2\base\Module.php(552): yii\base\Controller->runAction()
#7 D:\OpenServer\domains\simple\vendor\yiisoft\yii2\web\Application.php(103): yii\base\Module->runAction()
#8 D:\OpenServer\domains\simple\vendor\yiisoft\yii2\base\Application.php(384): yii\web\Application->handleRequest()
#9 D:\OpenServer\domains\simple\frontend\web\index.php(18): yii\base\Application->run()
#10 {main}
2022-09-07 10:43:27 [127.0.0.1][-][4537ab0gefqebt9k27i8t034qj59pips][info][application] $_GET = []

$_POST = []

$_FILES = []

$_COOKIE = [
    'advanced-frontend' => '4537ab0gefqebt9k27i8t034qj59pips'
    '_csrf-frontend' => '24023e23596cf18bc531453a88922f2684481e5ad088c504326c40d1f7d54550a:2:{i:0;s:14:\"_csrf-frontend\";i:1;s:32:\"4OzO_pQC5kL2b_kL-lz464tg9Qn8J5P9\";}'
    'advanced-backend' => '5gv7sl1gploe0iip7e8eocqgqb7ihk5i'
    '_csrf-backend' => '4ebaeb2d06d55703fd86a7417d9e7813633e6b38bb60cb0005f17443ad7bd133a:2:{i:0;s:13:\"_csrf-backend\";i:1;s:32:\"WxnsVN_GKXJGLXuSKP-LC3vCkWToR262\";}'
]

$_SESSION = [
    '__flash' => []
]

$_SERVER = [
    'REDIRECT_STATUS' => '200'
    'HTTP_HOST' => 'simple'
    'HTTP_CONNECTION' => 'keep-alive'
    'HTTP_UPGRADE_INSECURE_REQUESTS' => '1'
    'HTTP_USER_AGENT' => 'Mozilla/5.0 (Windows NT 10.0; Win64; x64) AppleWebKit/537.36 (KHTML, like Gecko) Chrome/104.0.0.0 Safari/537.36'
    'HTTP_ACCEPT' => 'text/html,application/xhtml+xml,application/xml;q=0.9,image/avif,image/webp,image/apng,*/*;q=0.8,application/signed-exchange;v=b3;q=0.9'
    'HTTP_PURPOSE' => 'prefetch'
    'HTTP_ACCEPT_ENCODING' => 'gzip, deflate'
    'HTTP_ACCEPT_LANGUAGE' => 'ru-RU,ru;q=0.9,en-US;q=0.8,en;q=0.7,uz;q=0.6'
    'HTTP_COOKIE' => 'advanced-frontend=4537ab0gefqebt9k27i8t034qj59pips; _csrf-frontend=24023e23596cf18bc531453a88922f2684481e5ad088c504326c40d1f7d54550a%3A2%3A%7Bi%3A0%3Bs%3A14%3A%22_csrf-frontend%22%3Bi%3A1%3Bs%3A32%3A%224OzO_pQC5kL2b_kL-lz464tg9Qn8J5P9%22%3B%7D; advanced-backend=5gv7sl1gploe0iip7e8eocqgqb7ihk5i; _csrf-backend=4ebaeb2d06d55703fd86a7417d9e7813633e6b38bb60cb0005f17443ad7bd133a%3A2%3A%7Bi%3A0%3Bs%3A13%3A%22_csrf-backend%22%3Bi%3A1%3Bs%3A32%3A%22WxnsVN_GKXJGLXuSKP-LC3vCkWToR262%22%3B%7D'
    'PATH' => 'd:\\openserver\\modules\\php\\PHP_8.0\\ext;d:\\openserver\\modules\\php\\PHP_8.0\\pear;d:\\openserver\\modules\\php\\PHP_8.0\\pear\\bin;d:\\openserver\\modules\\php\\PHP_8.0;d:\\openserver\\modules\\wget\\bin;d:\\openserver\\modules\\database\\MySQL-8.0-Win10\\bin;d:\\openserver\\modules\\database\\PostgreSQL-13.3-Win10\\bin;d:\\openserver\\modules\\database\\PostgreSQL-13.3-Win10\\lib;d:\\openserver\\modules\\http\\Apache_2.4-PHP_8.0\\bin;d:\\openserver\\modules\\http\\Apache_2.4-PHP_8.0;C:\\Windows\\system32;C:\\Windows;C:\\Windows\\system32\\Wbem;C:\\Windows\\SysWOW64'
    'SystemRoot' => 'C:\\Windows'
    'COMSPEC' => 'C:\\Windows\\system32\\cmd.exe'
    'PATHEXT' => '.COM;.EXE;.BAT;.CMD;.VBS;.VBE;.JS;.JSE;.WSF;.WSH;.MSC'
    'WINDIR' => 'C:\\Windows'
    'SERVER_SIGNATURE' => ''
    'SERVER_SOFTWARE' => 'Apache'
    'SERVER_NAME' => 'simple'
    'SERVER_ADDR' => '127.0.0.1'
    'SERVER_PORT' => '80'
    'REMOTE_ADDR' => '127.0.0.1'
    'DOCUMENT_ROOT' => 'D:/OpenServer/domains/simple'
    'REQUEST_SCHEME' => 'http'
    'CONTEXT_PREFIX' => ''
    'CONTEXT_DOCUMENT_ROOT' => 'D:/OpenServer/domains/simple'
    'SERVER_ADMIN' => '[no address given]'
    'SCRIPT_FILENAME' => 'D:/OpenServer/domains/simple/frontend/web/index.php'
    'REMOTE_PORT' => '7869'
    'REDIRECT_URL' => '/'
    'GATEWAY_INTERFACE' => 'CGI/1.1'
    'SERVER_PROTOCOL' => 'HTTP/1.1'
    'REQUEST_METHOD' => 'GET'
    'QUERY_STRING' => ''
    'REQUEST_URI' => '/'
    'SCRIPT_NAME' => '/frontend/web/index.php'
    'PHP_SELF' => '/frontend/web/index.php'
    'REQUEST_TIME_FLOAT' => 1662536607.1163
    'REQUEST_TIME' => 1662536607
]
2022-09-07 10:43:27 [127.0.0.1][-][4537ab0gefqebt9k27i8t034qj59pips][error][yii\base\ViewNotFoundException] yii\base\ViewNotFoundException: The view file does not exist: D:\OpenServer\domains\simple\frontend\web\views\site\index.php in D:\OpenServer\domains\simple\vendor\yiisoft\yii2\base\View.php:233
Stack trace:
#0 D:\OpenServer\domains\simple\vendor\yiisoft\yii2\base\View.php(156): yii\base\View->renderFile()
#1 D:\OpenServer\domains\simple\vendor\yiisoft\yii2\base\Controller.php(407): yii\base\View->render()
#2 D:\OpenServer\domains\simple\frontend\controllers\SiteController.php(78): yii\base\Controller->render()
#3 [internal function]: frontend\controllers\SiteController->actionIndex()
#4 D:\OpenServer\domains\simple\vendor\yiisoft\yii2\base\InlineAction.php(57): call_user_func_array()
#5 D:\OpenServer\domains\simple\vendor\yiisoft\yii2\base\Controller.php(178): yii\base\InlineAction->runWithParams()
#6 D:\OpenServer\domains\simple\vendor\yiisoft\yii2\base\Module.php(552): yii\base\Controller->runAction()
#7 D:\OpenServer\domains\simple\vendor\yiisoft\yii2\web\Application.php(103): yii\base\Module->runAction()
#8 D:\OpenServer\domains\simple\vendor\yiisoft\yii2\base\Application.php(384): yii\web\Application->handleRequest()
#9 D:\OpenServer\domains\simple\frontend\web\index.php(18): yii\base\Application->run()
#10 {main}
2022-09-07 10:43:27 [127.0.0.1][-][4537ab0gefqebt9k27i8t034qj59pips][info][application] $_GET = []

$_POST = []

$_FILES = []

$_COOKIE = [
    'advanced-frontend' => '4537ab0gefqebt9k27i8t034qj59pips'
    '_csrf-frontend' => '24023e23596cf18bc531453a88922f2684481e5ad088c504326c40d1f7d54550a:2:{i:0;s:14:\"_csrf-frontend\";i:1;s:32:\"4OzO_pQC5kL2b_kL-lz464tg9Qn8J5P9\";}'
    'advanced-backend' => '5gv7sl1gploe0iip7e8eocqgqb7ihk5i'
    '_csrf-backend' => '4ebaeb2d06d55703fd86a7417d9e7813633e6b38bb60cb0005f17443ad7bd133a:2:{i:0;s:13:\"_csrf-backend\";i:1;s:32:\"WxnsVN_GKXJGLXuSKP-LC3vCkWToR262\";}'
]

$_SESSION = [
    '__flash' => []
]

$_SERVER = [
    'REDIRECT_STATUS' => '200'
    'HTTP_HOST' => 'simple'
    'HTTP_CONNECTION' => 'keep-alive'
    'HTTP_UPGRADE_INSECURE_REQUESTS' => '1'
    'HTTP_USER_AGENT' => 'Mozilla/5.0 (Windows NT 10.0; Win64; x64) AppleWebKit/537.36 (KHTML, like Gecko) Chrome/104.0.0.0 Safari/537.36'
    'HTTP_ACCEPT' => 'text/html,application/xhtml+xml,application/xml;q=0.9,image/avif,image/webp,image/apng,*/*;q=0.8,application/signed-exchange;v=b3;q=0.9'
    'HTTP_ACCEPT_ENCODING' => 'gzip, deflate'
    'HTTP_ACCEPT_LANGUAGE' => 'ru-RU,ru;q=0.9,en-US;q=0.8,en;q=0.7,uz;q=0.6'
    'HTTP_COOKIE' => 'advanced-frontend=4537ab0gefqebt9k27i8t034qj59pips; _csrf-frontend=24023e23596cf18bc531453a88922f2684481e5ad088c504326c40d1f7d54550a%3A2%3A%7Bi%3A0%3Bs%3A14%3A%22_csrf-frontend%22%3Bi%3A1%3Bs%3A32%3A%224OzO_pQC5kL2b_kL-lz464tg9Qn8J5P9%22%3B%7D; advanced-backend=5gv7sl1gploe0iip7e8eocqgqb7ihk5i; _csrf-backend=4ebaeb2d06d55703fd86a7417d9e7813633e6b38bb60cb0005f17443ad7bd133a%3A2%3A%7Bi%3A0%3Bs%3A13%3A%22_csrf-backend%22%3Bi%3A1%3Bs%3A32%3A%22WxnsVN_GKXJGLXuSKP-LC3vCkWToR262%22%3B%7D'
    'PATH' => 'd:\\openserver\\modules\\php\\PHP_8.0\\ext;d:\\openserver\\modules\\php\\PHP_8.0\\pear;d:\\openserver\\modules\\php\\PHP_8.0\\pear\\bin;d:\\openserver\\modules\\php\\PHP_8.0;d:\\openserver\\modules\\wget\\bin;d:\\openserver\\modules\\database\\MySQL-8.0-Win10\\bin;d:\\openserver\\modules\\database\\PostgreSQL-13.3-Win10\\bin;d:\\openserver\\modules\\database\\PostgreSQL-13.3-Win10\\lib;d:\\openserver\\modules\\http\\Apache_2.4-PHP_8.0\\bin;d:\\openserver\\modules\\http\\Apache_2.4-PHP_8.0;C:\\Windows\\system32;C:\\Windows;C:\\Windows\\system32\\Wbem;C:\\Windows\\SysWOW64'
    'SystemRoot' => 'C:\\Windows'
    'COMSPEC' => 'C:\\Windows\\system32\\cmd.exe'
    'PATHEXT' => '.COM;.EXE;.BAT;.CMD;.VBS;.VBE;.JS;.JSE;.WSF;.WSH;.MSC'
    'WINDIR' => 'C:\\Windows'
    'SERVER_SIGNATURE' => ''
    'SERVER_SOFTWARE' => 'Apache'
    'SERVER_NAME' => 'simple'
    'SERVER_ADDR' => '127.0.0.1'
    'SERVER_PORT' => '80'
    'REMOTE_ADDR' => '127.0.0.1'
    'DOCUMENT_ROOT' => 'D:/OpenServer/domains/simple'
    'REQUEST_SCHEME' => 'http'
    'CONTEXT_PREFIX' => ''
    'CONTEXT_DOCUMENT_ROOT' => 'D:/OpenServer/domains/simple'
    'SERVER_ADMIN' => '[no address given]'
    'SCRIPT_FILENAME' => 'D:/OpenServer/domains/simple/frontend/web/index.php'
    'REMOTE_PORT' => '7868'
    'REDIRECT_URL' => '/'
    'GATEWAY_INTERFACE' => 'CGI/1.1'
    'SERVER_PROTOCOL' => 'HTTP/1.1'
    'REQUEST_METHOD' => 'GET'
    'QUERY_STRING' => ''
    'REQUEST_URI' => '/'
    'SCRIPT_NAME' => '/frontend/web/index.php'
    'PHP_SELF' => '/frontend/web/index.php'
    'REQUEST_TIME_FLOAT' => 1662536607.3991
    'REQUEST_TIME' => 1662536607
]
2022-09-07 10:43:31 [127.0.0.1][-][4537ab0gefqebt9k27i8t034qj59pips][error][yii\base\ViewNotFoundException] yii\base\ViewNotFoundException: The view file does not exist: D:\OpenServer\domains\simple\frontend\web\views\site\index.php in D:\OpenServer\domains\simple\vendor\yiisoft\yii2\base\View.php:233
Stack trace:
#0 D:\OpenServer\domains\simple\vendor\yiisoft\yii2\base\View.php(156): yii\base\View->renderFile()
#1 D:\OpenServer\domains\simple\vendor\yiisoft\yii2\base\Controller.php(407): yii\base\View->render()
#2 D:\OpenServer\domains\simple\frontend\controllers\SiteController.php(78): yii\base\Controller->render()
#3 [internal function]: frontend\controllers\SiteController->actionIndex()
#4 D:\OpenServer\domains\simple\vendor\yiisoft\yii2\base\InlineAction.php(57): call_user_func_array()
#5 D:\OpenServer\domains\simple\vendor\yiisoft\yii2\base\Controller.php(178): yii\base\InlineAction->runWithParams()
#6 D:\OpenServer\domains\simple\vendor\yiisoft\yii2\base\Module.php(552): yii\base\Controller->runAction()
#7 D:\OpenServer\domains\simple\vendor\yiisoft\yii2\web\Application.php(103): yii\base\Module->runAction()
#8 D:\OpenServer\domains\simple\vendor\yiisoft\yii2\base\Application.php(384): yii\web\Application->handleRequest()
#9 D:\OpenServer\domains\simple\frontend\web\index.php(18): yii\base\Application->run()
#10 {main}
2022-09-07 10:43:31 [127.0.0.1][-][4537ab0gefqebt9k27i8t034qj59pips][info][application] $_GET = []

$_POST = []

$_FILES = []

$_COOKIE = [
    'advanced-frontend' => '4537ab0gefqebt9k27i8t034qj59pips'
    '_csrf-frontend' => '24023e23596cf18bc531453a88922f2684481e5ad088c504326c40d1f7d54550a:2:{i:0;s:14:\"_csrf-frontend\";i:1;s:32:\"4OzO_pQC5kL2b_kL-lz464tg9Qn8J5P9\";}'
    'advanced-backend' => '5gv7sl1gploe0iip7e8eocqgqb7ihk5i'
    '_csrf-backend' => '4ebaeb2d06d55703fd86a7417d9e7813633e6b38bb60cb0005f17443ad7bd133a:2:{i:0;s:13:\"_csrf-backend\";i:1;s:32:\"WxnsVN_GKXJGLXuSKP-LC3vCkWToR262\";}'
]

$_SESSION = [
    '__flash' => []
]

$_SERVER = [
    'REDIRECT_STATUS' => '200'
    'HTTP_HOST' => 'simple'
    'HTTP_CONNECTION' => 'keep-alive'
    'HTTP_CACHE_CONTROL' => 'max-age=0'
    'HTTP_UPGRADE_INSECURE_REQUESTS' => '1'
    'HTTP_USER_AGENT' => 'Mozilla/5.0 (Windows NT 10.0; Win64; x64) AppleWebKit/537.36 (KHTML, like Gecko) Chrome/104.0.0.0 Safari/537.36'
    'HTTP_ACCEPT' => 'text/html,application/xhtml+xml,application/xml;q=0.9,image/avif,image/webp,image/apng,*/*;q=0.8,application/signed-exchange;v=b3;q=0.9'
    'HTTP_ACCEPT_ENCODING' => 'gzip, deflate'
    'HTTP_ACCEPT_LANGUAGE' => 'ru-RU,ru;q=0.9,en-US;q=0.8,en;q=0.7,uz;q=0.6'
    'HTTP_COOKIE' => 'advanced-frontend=4537ab0gefqebt9k27i8t034qj59pips; _csrf-frontend=24023e23596cf18bc531453a88922f2684481e5ad088c504326c40d1f7d54550a%3A2%3A%7Bi%3A0%3Bs%3A14%3A%22_csrf-frontend%22%3Bi%3A1%3Bs%3A32%3A%224OzO_pQC5kL2b_kL-lz464tg9Qn8J5P9%22%3B%7D; advanced-backend=5gv7sl1gploe0iip7e8eocqgqb7ihk5i; _csrf-backend=4ebaeb2d06d55703fd86a7417d9e7813633e6b38bb60cb0005f17443ad7bd133a%3A2%3A%7Bi%3A0%3Bs%3A13%3A%22_csrf-backend%22%3Bi%3A1%3Bs%3A32%3A%22WxnsVN_GKXJGLXuSKP-LC3vCkWToR262%22%3B%7D'
    'PATH' => 'd:\\openserver\\modules\\php\\PHP_8.0\\ext;d:\\openserver\\modules\\php\\PHP_8.0\\pear;d:\\openserver\\modules\\php\\PHP_8.0\\pear\\bin;d:\\openserver\\modules\\php\\PHP_8.0;d:\\openserver\\modules\\wget\\bin;d:\\openserver\\modules\\database\\MySQL-8.0-Win10\\bin;d:\\openserver\\modules\\database\\PostgreSQL-13.3-Win10\\bin;d:\\openserver\\modules\\database\\PostgreSQL-13.3-Win10\\lib;d:\\openserver\\modules\\http\\Apache_2.4-PHP_8.0\\bin;d:\\openserver\\modules\\http\\Apache_2.4-PHP_8.0;C:\\Windows\\system32;C:\\Windows;C:\\Windows\\system32\\Wbem;C:\\Windows\\SysWOW64'
    'SystemRoot' => 'C:\\Windows'
    'COMSPEC' => 'C:\\Windows\\system32\\cmd.exe'
    'PATHEXT' => '.COM;.EXE;.BAT;.CMD;.VBS;.VBE;.JS;.JSE;.WSF;.WSH;.MSC'
    'WINDIR' => 'C:\\Windows'
    'SERVER_SIGNATURE' => ''
    'SERVER_SOFTWARE' => 'Apache'
    'SERVER_NAME' => 'simple'
    'SERVER_ADDR' => '127.0.0.1'
    'SERVER_PORT' => '80'
    'REMOTE_ADDR' => '127.0.0.1'
    'DOCUMENT_ROOT' => 'D:/OpenServer/domains/simple'
    'REQUEST_SCHEME' => 'http'
    'CONTEXT_PREFIX' => ''
    'CONTEXT_DOCUMENT_ROOT' => 'D:/OpenServer/domains/simple'
    'SERVER_ADMIN' => '[no address given]'
    'SCRIPT_FILENAME' => 'D:/OpenServer/domains/simple/frontend/web/index.php'
    'REMOTE_PORT' => '7946'
    'REDIRECT_URL' => '/'
    'GATEWAY_INTERFACE' => 'CGI/1.1'
    'SERVER_PROTOCOL' => 'HTTP/1.1'
    'REQUEST_METHOD' => 'GET'
    'QUERY_STRING' => ''
    'REQUEST_URI' => '/'
    'SCRIPT_NAME' => '/frontend/web/index.php'
    'PHP_SELF' => '/frontend/web/index.php'
    'REQUEST_TIME_FLOAT' => 1662536611.0031
    'REQUEST_TIME' => 1662536611
]
